{
  "RSpec": {
    "coverage": {
      "/Users/astleyr/Work/scripts/ruby/ruby_challenges/CodeQuizzes/lib/palindrome.rb": [
        null,
        null,
        null,
        1,
        1,
        null,
        1,
        0,
        null,
        null,
        1,
        0,
        null,
        null,
        1,
        null,
        1,
        0,
        null,
        null,
        null,
        null,
        null,
        null,
        null
      ],
      "/Users/astleyr/Work/scripts/ruby/ruby_challenges/CodeQuizzes/spec/palindrome_spec.rb": [
        1,
        null,
        1,
        null,
        1,
        1,
        null,
        1,
        0,
        null,
        null,
        1,
        1,
        0,
        null,
        null,
        null,
        1,
        1,
        0,
        null,
        null,
        null
      ]
    },
    "timestamp": 1460541954
  }
}
